<?xml version="1.0" encoding="UTF-8"?>
<coverage generated="1783217192540" clover="3.2.0">
  <project timestamp="1783217192540" name="All files">
    <metrics statements="91" coveredstatements="91" conditionals="39" coveredconditionals="39" methods="26" coveredmethods="26" elements="156" coveredelements="156" complexity="0" loc="91" ncloc="91" packages="3" files="8" classes="8"/>
    <package name="domain">
      <metrics statements="0" coveredstatements="0" conditionals="0" coveredconditionals="0" methods="0" coveredmethods="0"/>
      <file name="meal-plan.types.ts" path="/Users/cristianquiroz/Mobile/nutrition-ai/app/src/modules/meal-planner/domain/meal-plan.types.ts">
        <metrics statements="0" coveredstatements="0" conditionals="0" coveredconditionals="0" methods="0" coveredmethods="0"/>
      </file>
      <file name="shared.types.ts" path="/Users/cristianquiroz/Mobile/nutrition-ai/app/src/modules/meal-planner/domain/shared.types.ts">
        <metrics statements="0" coveredstatements="0" conditionals="0" coveredconditionals="0" methods="0" coveredmethods="0"/>
      </file>
      <file name="shopping-snapshot.types.ts" path="/Users/cristianquiroz/Mobile/nutrition-ai/app/src/modules/meal-planner/domain/shopping-snapshot.types.ts">
        <metrics statements="0" coveredstatements="0" conditionals="0" coveredconditionals="0" methods="0" coveredmethods="0"/>
      </file>
    </package>
    <package name="domain.services">
      <metrics statements="84" coveredstatements="84" conditionals="39" coveredconditionals="39" methods="19" coveredmethods="19"/>
      <file name="meal-plan-ingredient-aggregator.ts" path="/Users/cristianquiroz/Mobile/nutrition-ai/app/src/modules/meal-planner/domain/services/meal-plan-ingredient-aggregator.ts">
        <metrics statements="28" coveredstatements="28" conditionals="15" coveredconditionals="15" methods="3" coveredmethods="3"/>
        <line num="41" count="2" type="stmt"/>
        <line num="47" count="14" type="stmt"/>
        <line num="48" count="14" type="stmt"/>
        <line num="50" count="14" type="stmt"/>
        <line num="51" count="14" type="stmt"/>
        <line num="53" count="14" type="stmt"/>
        <line num="54" count="22" type="cond" truecount="2" falsecount="0"/>
        <line num="56" count="21" type="stmt"/>
        <line num="57" count="21" type="stmt"/>
        <line num="60" count="21" type="cond" truecount="3" falsecount="0"/>
        <line num="63" count="21" type="cond" truecount="2" falsecount="0"/>
        <line num="64" count="16" type="stmt"/>
        <line num="67" count="21" type="stmt"/>
        <line num="68" count="21" type="stmt"/>
        <line num="70" count="21" type="cond" truecount="2" falsecount="0"/>
        <line num="71" count="18" type="stmt"/>
        <line num="73" count="5" type="stmt"/>
        <line num="74" count="3" type="cond" truecount="2" falsecount="0"/>
        <line num="85" count="3" type="cond" truecount="2" falsecount="0"/>
        <line num="86" count="1" type="stmt"/>
        <line num="87" count="1" type="stmt"/>
        <line num="93" count="21" type="stmt"/>
        <line num="94" count="21" type="stmt"/>
        <line num="95" count="21" type="cond" truecount="2" falsecount="0"/>
        <line num="96" count="5" type="stmt"/>
        <line num="97" count="5" type="stmt"/>
        <line num="99" count="16" type="stmt"/>
        <line num="109" count="16" type="stmt"/>
      </file>
      <file name="meal-plan-schedule-builder.ts" path="/Users/cristianquiroz/Mobile/nutrition-ai/app/src/modules/meal-planner/domain/services/meal-plan-schedule-builder.ts">
        <metrics statements="24" coveredstatements="24" conditionals="4" coveredconditionals="4" methods="8" coveredmethods="8"/>
        <line num="20" count="2" type="stmt"/>
        <line num="32" count="20" type="cond" truecount="2" falsecount="0"/>
        <line num="33" count="19" type="stmt"/>
        <line num="34" count="19" type="stmt"/>
        <line num="35" count="73" type="stmt"/>
        <line num="37" count="19" type="stmt"/>
        <line num="45" count="108" type="stmt"/>
        <line num="46" count="108" type="stmt"/>
        <line num="47" count="108" type="stmt"/>
        <line num="52" count="2" type="stmt"/>
        <line num="58" count="16" type="stmt"/>
        <line num="59" count="16" type="stmt"/>
        <line num="62" count="2" type="stmt"/>
        <line num="66" count="15" type="stmt"/>
        <line num="67" count="105" type="stmt"/>
        <line num="69" count="15" type="stmt"/>
        <line num="70" count="20" type="stmt"/>
        <line num="71" count="20" type="stmt"/>
        <line num="72" count="73" type="stmt"/>
        <line num="81" count="15" type="stmt"/>
        <line num="82" count="105" type="stmt"/>
        <line num="83" count="25" type="stmt"/>
        <line num="85" count="105" type="stmt"/>
        <line num="88" count="73" type="stmt"/>
      </file>
      <file name="meal-plan-statistics-calculator.ts" path="/Users/cristianquiroz/Mobile/nutrition-ai/app/src/modules/meal-planner/domain/services/meal-plan-statistics-calculator.ts">
        <metrics statements="32" coveredstatements="32" conditionals="20" coveredconditionals="20" methods="8" coveredmethods="8"/>
        <line num="24" count="18" type="stmt"/>
        <line num="25" count="144" type="cond" truecount="8" falsecount="0"/>
        <line num="26" count="18" type="stmt"/>
        <line num="39" count="48" type="cond" truecount="2" falsecount="0"/>
        <line num="40" count="6" type="stmt"/>
        <line num="52" count="1" type="stmt"/>
        <line num="61" count="11" type="stmt"/>
        <line num="62" count="11" type="stmt"/>
        <line num="63" count="11" type="stmt"/>
        <line num="65" count="11" type="stmt"/>
        <line num="66" count="12" type="stmt"/>
        <line num="67" count="12" type="stmt"/>
        <line num="68" count="12" type="stmt"/>
        <line num="70" count="12" type="stmt"/>
        <line num="71" count="10" type="cond" truecount="2" falsecount="0"/>
        <line num="72" count="9" type="stmt"/>
        <line num="74" count="9" type="cond" truecount="2" falsecount="0"/>
        <line num="75" count="1" type="stmt"/>
        <line num="76" count="1" type="stmt"/>
        <line num="78" count="8" type="cond" truecount="2" falsecount="0"/>
        <line num="81" count="7" type="stmt"/>
        <line num="82" count="7" type="stmt"/>
        <line num="83" count="7" type="stmt"/>
        <line num="84" count="7" type="cond" truecount="2" falsecount="0"/>
        <line num="86" count="6" type="cond" truecount="2" falsecount="0"/>
        <line num="88" count="6" type="stmt"/>
        <line num="94" count="6" type="stmt"/>
        <line num="98" count="12" type="stmt"/>
        <line num="100" count="12" type="stmt"/>
        <line num="108" count="11" type="stmt"/>
        <line num="109" count="12" type="stmt"/>
        <line num="110" count="12" type="stmt"/>
      </file>
    </package>
    <package name="infrastructure.mappers">
      <metrics statements="7" coveredstatements="7" conditionals="0" coveredconditionals="0" methods="7" coveredmethods="7"/>
      <file name="meal-plan.mapper.ts" path="/Users/cristianquiroz/Mobile/nutrition-ai/app/src/modules/meal-planner/infrastructure/mappers/meal-plan.mapper.ts">
        <metrics statements="5" coveredstatements="5" conditionals="0" coveredconditionals="0" methods="5" coveredmethods="5"/>
        <line num="17" count="1" type="stmt"/>
        <line num="31" count="1" type="stmt"/>
        <line num="40" count="1" type="stmt"/>
        <line num="52" count="1" type="stmt"/>
        <line num="63" count="2" type="stmt"/>
      </file>
      <file name="shopping-snapshot.mapper.ts" path="/Users/cristianquiroz/Mobile/nutrition-ai/app/src/modules/meal-planner/infrastructure/mappers/shopping-snapshot.mapper.ts">
        <metrics statements="2" coveredstatements="2" conditionals="0" coveredconditionals="0" methods="2" coveredmethods="2"/>
        <line num="11" count="1" type="stmt"/>
        <line num="23" count="1" type="stmt"/>
      </file>
    </package>
  </project>
</coverage>
