{"/Users/cristianquiroz/Mobile/nutrition-ai/app/src/modules/meal-planner/domain/meal-plan.types.ts": {"path":"/Users/cristianquiroz/Mobile/nutrition-ai/app/src/modules/meal-planner/domain/meal-plan.types.ts","statementMap":{},"fnMap":{},"branchMap":{},"s":{},"f":{},"b":{}}
,"/Users/cristianquiroz/Mobile/nutrition-ai/app/src/modules/meal-planner/domain/shared.types.ts": {"path":"/Users/cristianquiroz/Mobile/nutrition-ai/app/src/modules/meal-planner/domain/shared.types.ts","statementMap":{},"fnMap":{},"branchMap":{},"s":{},"f":{},"b":{}}
,"/Users/cristianquiroz/Mobile/nutrition-ai/app/src/modules/meal-planner/domain/shopping-snapshot.types.ts": {"path":"/Users/cristianquiroz/Mobile/nutrition-ai/app/src/modules/meal-planner/domain/shopping-snapshot.types.ts","statementMap":{},"fnMap":{},"branchMap":{},"s":{},"f":{},"b":{}}
,"/Users/cristianquiroz/Mobile/nutrition-ai/app/src/modules/meal-planner/domain/services/meal-plan-ingredient-aggregator.ts": {"path":"/Users/cristianquiroz/Mobile/nutrition-ai/app/src/modules/meal-planner/domain/services/meal-plan-ingredient-aggregator.ts","statementMap":{"0":{"start":{"line":41,"column":44},"end":{"line":116,"column":1}},"1":{"start":{"line":47,"column":38},"end":{"line":47,"column":63}},"2":{"start":{"line":48,"column":20},"end":{"line":48,"column":45}},"3":{"start":{"line":50,"column":4},"end":{"line":107,"column":5}},"4":{"start":{"line":51,"column":20},"end":{"line":51,"column":50}},"5":{"start":{"line":53,"column":6},"end":{"line":106,"column":7}},"6":{"start":{"line":54,"column":8},"end":{"line":54,"column":36}},"7":{"start":{"line":54,"column":28},"end":{"line":54,"column":36}},"8":{"start":{"line":56,"column":29},"end":{"line":56,"column":45}},"9":{"start":{"line":57,"column":31},"end":{"line":57,"column":50}},"10":{"start":{"line":60,"column":10},"end":{"line":62,"column":20}},"11":{"start":{"line":63,"column":8},"end":{"line":65,"column":9}},"12":{"start":{"line":64,"column":10},"end":{"line":64,"column":70}},"13":{"start":{"line":67,"column":28},"end":{"line":67,"column":42}},"14":{"start":{"line":68,"column":26},"end":{"line":68,"column":36}},"15":{"start":{"line":70,"column":8},"end":{"line":91,"column":9}},"16":{"start":{"line":71,"column":10},"end":{"line":71,"column":39}},"17":{"start":{"line":73,"column":32},"end":{"line":73,"column":75}},"18":{"start":{"line":73,"column":50},"end":{"line":73,"column":74}},"19":{"start":{"line":74,"column":28},"end":{"line":83,"column":18}},"20":{"start":{"line":85,"column":10},"end":{"line":88,"column":11}},"21":{"start":{"line":86,"column":12},"end":{"line":86,"column":42}},"22":{"start":{"line":87,"column":12},"end":{"line":87,"column":41}},"23":{"start":{"line":93,"column":20},"end":{"line":93,"column":52}},"24":{"start":{"line":94,"column":25},"end":{"line":94,"column":41}},"25":{"start":{"line":95,"column":8},"end":{"line":105,"column":9}},"26":{"start":{"line":96,"column":10},"end":{"line":96,"column":50}},"27":{"start":{"line":97,"column":10},"end":{"line":97,"column":43}},"28":{"start":{"line":99,"column":10},"end":{"line":104,"column":12}},"29":{"start":{"line":109,"column":4},"end":{"line":114,"column":7}},"30":{"start":{"line":109,"column":57},"end":{"line":114,"column":5}}},"fnMap":{"0":{"name":"(anonymous_0)","decl":{"start":{"line":42,"column":2},"end":{"line":42,"column":3}},"loc":{"start":{"line":46,"column":34},"end":{"line":115,"column":3}},"line":46},"1":{"name":"(anonymous_1)","decl":{"start":{"line":73,"column":43},"end":{"line":73,"column":44}},"loc":{"start":{"line":73,"column":50},"end":{"line":73,"column":74}},"line":73},"2":{"name":"(anonymous_2)","decl":{"start":{"line":109,"column":44},"end":{"line":109,"column":45}},"loc":{"start":{"line":109,"column":57},"end":{"line":114,"column":5}},"line":109}},"branchMap":{"0":{"loc":{"start":{"line":54,"column":8},"end":{"line":54,"column":36}},"type":"if","locations":[{"start":{"line":54,"column":8},"end":{"line":54,"column":36}},{"start":{},"end":{}}],"line":54},"1":{"loc":{"start":{"line":60,"column":10},"end":{"line":62,"column":20}},"type":"binary-expr","locations":[{"start":{"line":60,"column":10},"end":{"line":60,"column":53}},{"start":{"line":61,"column":10},"end":{"line":61,"column":39}},{"start":{"line":62,"column":10},"end":{"line":62,"column":20}}],"line":60},"2":{"loc":{"start":{"line":63,"column":8},"end":{"line":65,"column":9}},"type":"if","locations":[{"start":{"line":63,"column":8},"end":{"line":65,"column":9}},{"start":{},"end":{}}],"line":63},"3":{"loc":{"start":{"line":70,"column":8},"end":{"line":91,"column":9}},"type":"if","locations":[{"start":{"line":70,"column":8},"end":{"line":91,"column":9}},{"start":{"line":72,"column":15},"end":{"line":91,"column":9}}],"line":70},"4":{"loc":{"start":{"line":74,"column":28},"end":{"line":83,"column":18}},"type":"cond-expr","locations":[{"start":{"line":75,"column":14},"end":{"line":82,"column":15}},{"start":{"line":83,"column":14},"end":{"line":83,"column":18}}],"line":74},"5":{"loc":{"start":{"line":85,"column":10},"end":{"line":88,"column":11}},"type":"if","locations":[{"start":{"line":85,"column":10},"end":{"line":88,"column":11}},{"start":{},"end":{}}],"line":85},"6":{"loc":{"start":{"line":95,"column":8},"end":{"line":105,"column":9}},"type":"if","locations":[{"start":{"line":95,"column":8},"end":{"line":105,"column":9}},{"start":{"line":98,"column":15},"end":{"line":105,"column":9}}],"line":95}},"s":{"0":2,"1":14,"2":14,"3":14,"4":14,"5":14,"6":22,"7":1,"8":21,"9":21,"10":21,"11":21,"12":16,"13":21,"14":21,"15":21,"16":18,"17":3,"18":5,"19":3,"20":3,"21":1,"22":1,"23":21,"24":21,"25":21,"26":5,"27":5,"28":16,"29":14,"30":16},"f":{"0":14,"1":5,"2":16},"b":{"0":[1,21],"1":[21,16,1],"2":[16,5],"3":[18,3],"4":[2,1],"5":[1,2],"6":[5,16]},"_coverageSchema":"1a1c01bbd47fc00a2c39e90264f33305004495a9","hash":"5dcc6cc76b12a1c0a3d795c8e369abcc8e6741eb"}
,"/Users/cristianquiroz/Mobile/nutrition-ai/app/src/modules/meal-planner/domain/services/meal-plan-schedule-builder.ts": {"path":"/Users/cristianquiroz/Mobile/nutrition-ai/app/src/modules/meal-planner/domain/services/meal-plan-schedule-builder.ts","statementMap":{"0":{"start":{"line":20,"column":50},"end":{"line":25,"column":1}},"1":{"start":{"line":32,"column":2},"end":{"line":32,"column":27}},"2":{"start":{"line":32,"column":18},"end":{"line":32,"column":27}},"3":{"start":{"line":33,"column":28},"end":{"line":33,"column":30}},"4":{"start":{"line":34,"column":2},"end":{"line":36,"column":3}},"5":{"start":{"line":34,"column":15},"end":{"line":34,"column":16}},"6":{"start":{"line":35,"column":4},"end":{"line":35,"column":53}},"7":{"start":{"line":37,"column":2},"end":{"line":37,"column":16}},"8":{"start":{"line":45,"column":29},"end":{"line":45,"column":59}},"9":{"start":{"line":46,"column":20},"end":{"line":46,"column":57}},"10":{"start":{"line":47,"column":2},"end":{"line":47,"column":55}},"11":{"start":{"line":52,"column":27},"end":{"line":52,"column":48}},"12":{"start":{"line":58,"column":29},"end":{"line":58,"column":59}},"13":{"start":{"line":59,"column":2},"end":{"line":59,"column":67}},"14":{"start":{"line":62,"column":39},"end":{"line":92,"column":1}},"15":{"start":{"line":66,"column":22},"end":{"line":66,"column":23}},"16":{"start":{"line":67,"column":42},"end":{"line":67,"column":85}},"17":{"start":{"line":67,"column":82},"end":{"line":67,"column":84}},"18":{"start":{"line":69,"column":4},"end":{"line":79,"column":5}},"19":{"start":{"line":70,"column":25},"end":{"line":70,"column":61}},"20":{"start":{"line":71,"column":6},"end":{"line":78,"column":7}},"21":{"start":{"line":72,"column":8},"end":{"line":77,"column":10}},"22":{"start":{"line":81,"column":4},"end":{"line":90,"column":6}},"23":{"start":{"line":82,"column":22},"end":{"line":84,"column":7}},"24":{"start":{"line":83,"column":18},"end":{"line":83,"column":77}},"25":{"start":{"line":85,"column":6},"end":{"line":89,"column":7}},"26":{"start":{"line":88,"column":48},"end":{"line":88,"column":69}}},"fnMap":{"0":{"name":"spreadIndices","decl":{"start":{"line":31,"column":9},"end":{"line":31,"column":22}},"loc":{"start":{"line":31,"column":67},"end":{"line":38,"column":1}},"line":31},"1":{"name":"addDaysISO","decl":{"start":{"line":44,"column":16},"end":{"line":44,"column":26}},"loc":{"start":{"line":44,"column":66},"end":{"line":48,"column":1}},"line":44},"2":{"name":"isMonday","decl":{"start":{"line":57,"column":16},"end":{"line":57,"column":24}},"loc":{"start":{"line":57,"column":51},"end":{"line":60,"column":1}},"line":57},"3":{"name":"(anonymous_3)","decl":{"start":{"line":65,"column":2},"end":{"line":65,"column":3}},"loc":{"start":{"line":65,"column":77},"end":{"line":91,"column":3}},"line":65},"4":{"name":"(anonymous_4)","decl":{"start":{"line":67,"column":76},"end":{"line":67,"column":77}},"loc":{"start":{"line":67,"column":82},"end":{"line":67,"column":84}},"line":67},"5":{"name":"(anonymous_5)","decl":{"start":{"line":81,"column":26},"end":{"line":81,"column":27}},"loc":{"start":{"line":81,"column":47},"end":{"line":90,"column":5}},"line":81},"6":{"name":"(anonymous_6)","decl":{"start":{"line":83,"column":8},"end":{"line":83,"column":9}},"loc":{"start":{"line":83,"column":18},"end":{"line":83,"column":77}},"line":83},"7":{"name":"(anonymous_7)","decl":{"start":{"line":88,"column":27},"end":{"line":88,"column":28}},"loc":{"start":{"line":88,"column":48},"end":{"line":88,"column":69}},"line":88}},"branchMap":{"0":{"loc":{"start":{"line":32,"column":2},"end":{"line":32,"column":27}},"type":"if","locations":[{"start":{"line":32,"column":2},"end":{"line":32,"column":27}},{"start":{},"end":{}}],"line":32},"1":{"loc":{"start":{"line":75,"column":27},"end":{"line":75,"column":52}},"type":"binary-expr","locations":[{"start":{"line":75,"column":27},"end":{"line":75,"column":47}},{"start":{"line":75,"column":51},"end":{"line":75,"column":52}}],"line":75}},"s":{"0":2,"1":20,"2":1,"3":19,"4":19,"5":19,"6":73,"7":19,"8":108,"9":108,"10":108,"11":2,"12":16,"13":16,"14":2,"15":15,"16":15,"17":105,"18":15,"19":20,"20":20,"21":73,"22":15,"23":105,"24":25,"25":105,"26":73},"f":{"0":20,"1":108,"2":16,"3":15,"4":105,"5":105,"6":25,"7":73},"b":{"0":[1,19],"1":[73,72]},"_coverageSchema":"1a1c01bbd47fc00a2c39e90264f33305004495a9","hash":"df5fadb36a855b352b6c4c12340bee8e8d57b103"}
,"/Users/cristianquiroz/Mobile/nutrition-ai/app/src/modules/meal-planner/domain/services/meal-plan-statistics-calculator.ts": {"path":"/Users/cristianquiroz/Mobile/nutrition-ai/app/src/modules/meal-planner/domain/services/meal-plan-statistics-calculator.ts","statementMap":{"0":{"start":{"line":24,"column":14},"end":{"line":25,"column":57}},"1":{"start":{"line":25,"column":4},"end":{"line":25,"column":57}},"2":{"start":{"line":26,"column":2},"end":{"line":35,"column":3}},"3":{"start":{"line":39,"column":16},"end":{"line":39,"column":70}},"4":{"start":{"line":39,"column":39},"end":{"line":39,"column":69}},"5":{"start":{"line":40,"column":2},"end":{"line":49,"column":3}},"6":{"start":{"line":52,"column":44},"end":{"line":117,"column":1}},"7":{"start":{"line":61,"column":26},"end":{"line":61,"column":27}},"8":{"start":{"line":62,"column":22},"end":{"line":62,"column":23}},"9":{"start":{"line":63,"column":43},"end":{"line":63,"column":65}},"10":{"start":{"line":65,"column":35},"end":{"line":106,"column":6}},"11":{"start":{"line":66,"column":24},"end":{"line":66,"column":25}},"12":{"start":{"line":67,"column":25},"end":{"line":67,"column":26}},"13":{"start":{"line":68,"column":42},"end":{"line":68,"column":64}},"14":{"start":{"line":70,"column":6},"end":{"line":96,"column":7}},"15":{"start":{"line":71,"column":8},"end":{"line":71,"column":47}},"16":{"start":{"line":71,"column":39},"end":{"line":71,"column":47}},"17":{"start":{"line":72,"column":8},"end":{"line":72,"column":25}},"18":{"start":{"line":74,"column":8},"end":{"line":77,"column":9}},"19":{"start":{"line":75,"column":10},"end":{"line":75,"column":26}},"20":{"start":{"line":76,"column":10},"end":{"line":76,"column":18}},"21":{"start":{"line":78,"column":8},"end":{"line":78,"column":52}},"22":{"start":{"line":78,"column":44},"end":{"line":78,"column":52}},"23":{"start":{"line":81,"column":8},"end":{"line":81,"column":28}},"24":{"start":{"line":82,"column":8},"end":{"line":95,"column":9}},"25":{"start":{"line":83,"column":25},"end":{"line":83,"column":58}},"26":{"start":{"line":84,"column":10},"end":{"line":84,"column":31}},"27":{"start":{"line":84,"column":23},"end":{"line":84,"column":31}},"28":{"start":{"line":86,"column":10},"end":{"line":86,"column":50}},"29":{"start":{"line":88,"column":29},"end":{"line":93,"column":11}},"30":{"start":{"line":94,"column":10},"end":{"line":94,"column":100}},"31":{"start":{"line":98,"column":6},"end":{"line":98,"column":67}},"32":{"start":{"line":100,"column":6},"end":{"line":105,"column":7}},"33":{"start":{"line":108,"column":4},"end":{"line":115,"column":5}},"34":{"start":{"line":109,"column":52},"end":{"line":109,"column":73}},"35":{"start":{"line":110,"column":46},"end":{"line":110,"column":67}}},"fnMap":{"0":{"name":"addNutrition","decl":{"start":{"line":23,"column":9},"end":{"line":23,"column":21}},"loc":{"start":{"line":23,"column":79},"end":{"line":36,"column":1}},"line":23},"1":{"name":"(anonymous_1)","decl":{"start":{"line":24,"column":14},"end":{"line":24,"column":15}},"loc":{"start":{"line":25,"column":4},"end":{"line":25,"column":57}},"line":25},"2":{"name":"scaleNutrition","decl":{"start":{"line":38,"column":9},"end":{"line":38,"column":23}},"loc":{"start":{"line":38,"column":77},"end":{"line":50,"column":1}},"line":38},"3":{"name":"(anonymous_3)","decl":{"start":{"line":39,"column":16},"end":{"line":39,"column":17}},"loc":{"start":{"line":39,"column":39},"end":{"line":39,"column":69}},"line":39},"4":{"name":"(anonymous_4)","decl":{"start":{"line":55,"column":2},"end":{"line":55,"column":3}},"loc":{"start":{"line":60,"column":24},"end":{"line":116,"column":3}},"line":60},"5":{"name":"(anonymous_5)","decl":{"start":{"line":65,"column":49},"end":{"line":65,"column":50}},"loc":{"start":{"line":65,"column":58},"end":{"line":106,"column":5}},"line":65},"6":{"name":"(anonymous_6)","decl":{"start":{"line":109,"column":40},"end":{"line":109,"column":41}},"loc":{"start":{"line":109,"column":52},"end":{"line":109,"column":73}},"line":109},"7":{"name":"(anonymous_7)","decl":{"start":{"line":110,"column":34},"end":{"line":110,"column":35}},"loc":{"start":{"line":110,"column":46},"end":{"line":110,"column":67}},"line":110}},"branchMap":{"0":{"loc":{"start":{"line":25,"column":4},"end":{"line":25,"column":57}},"type":"cond-expr","locations":[{"start":{"line":25,"column":31},"end":{"line":25,"column":35}},{"start":{"line":25,"column":38},"end":{"line":25,"column":57}}],"line":25},"1":{"loc":{"start":{"line":25,"column":4},"end":{"line":25,"column":28}},"type":"binary-expr","locations":[{"start":{"line":25,"column":4},"end":{"line":25,"column":14}},{"start":{"line":25,"column":18},"end":{"line":25,"column":28}}],"line":25},"2":{"loc":{"start":{"line":25,"column":39},"end":{"line":25,"column":45}},"type":"binary-expr","locations":[{"start":{"line":25,"column":39},"end":{"line":25,"column":40}},{"start":{"line":25,"column":44},"end":{"line":25,"column":45}}],"line":25},"3":{"loc":{"start":{"line":25,"column":50},"end":{"line":25,"column":56}},"type":"binary-expr","locations":[{"start":{"line":25,"column":50},"end":{"line":25,"column":51}},{"start":{"line":25,"column":55},"end":{"line":25,"column":56}}],"line":25},"4":{"loc":{"start":{"line":39,"column":39},"end":{"line":39,"column":69}},"type":"cond-expr","locations":[{"start":{"line":39,"column":52},"end":{"line":39,"column":56}},{"start":{"line":39,"column":59},"end":{"line":39,"column":69}}],"line":39},"5":{"loc":{"start":{"line":71,"column":8},"end":{"line":71,"column":47}},"type":"if","locations":[{"start":{"line":71,"column":8},"end":{"line":71,"column":47}},{"start":{},"end":{}}],"line":71},"6":{"loc":{"start":{"line":74,"column":8},"end":{"line":77,"column":9}},"type":"if","locations":[{"start":{"line":74,"column":8},"end":{"line":77,"column":9}},{"start":{},"end":{}}],"line":74},"7":{"loc":{"start":{"line":78,"column":8},"end":{"line":78,"column":52}},"type":"if","locations":[{"start":{"line":78,"column":8},"end":{"line":78,"column":52}},{"start":{},"end":{}}],"line":78},"8":{"loc":{"start":{"line":84,"column":10},"end":{"line":84,"column":31}},"type":"if","locations":[{"start":{"line":84,"column":10},"end":{"line":84,"column":31}},{"start":{},"end":{}}],"line":84},"9":{"loc":{"start":{"line":86,"column":25},"end":{"line":86,"column":50}},"type":"binary-expr","locations":[{"start":{"line":86,"column":25},"end":{"line":86,"column":45}},{"start":{"line":86,"column":49},"end":{"line":86,"column":50}}],"line":86}},"s":{"0":18,"1":144,"2":18,"3":6,"4":48,"5":6,"6":1,"7":11,"8":11,"9":11,"10":11,"11":12,"12":12,"13":12,"14":12,"15":10,"16":1,"17":9,"18":9,"19":1,"20":1,"21":8,"22":1,"23":7,"24":7,"25":7,"26":7,"27":1,"28":6,"29":6,"30":6,"31":12,"32":12,"33":11,"34":12,"35":12},"f":{"0":18,"1":144,"2":6,"3":48,"4":11,"5":12,"6":12,"7":12},"b":{"0":[72,72],"1":[144,136],"2":[72,64],"3":[72,8],"4":[16,32],"5":[1,9],"6":[1,8],"7":[1,7],"8":[1,6],"9":[6,1]},"_coverageSchema":"1a1c01bbd47fc00a2c39e90264f33305004495a9","hash":"ce4b15ee8324ad16406e6d13c56e98873ee424c6"}
,"/Users/cristianquiroz/Mobile/nutrition-ai/app/src/modules/meal-planner/infrastructure/mappers/meal-plan.mapper.ts": {"path":"/Users/cristianquiroz/Mobile/nutrition-ai/app/src/modules/meal-planner/infrastructure/mappers/meal-plan.mapper.ts","statementMap":{"0":{"start":{"line":17,"column":2},"end":{"line":27,"column":3}},"1":{"start":{"line":31,"column":2},"end":{"line":36,"column":3}},"2":{"start":{"line":40,"column":2},"end":{"line":48,"column":3}},"3":{"start":{"line":52,"column":2},"end":{"line":59,"column":3}},"4":{"start":{"line":63,"column":2},"end":{"line":71,"column":3}}},"fnMap":{"0":{"name":"mapMealPlan","decl":{"start":{"line":16,"column":16},"end":{"line":16,"column":27}},"loc":{"start":{"line":16,"column":56},"end":{"line":28,"column":1}},"line":16},"1":{"name":"mapMealPlanDay","decl":{"start":{"line":30,"column":16},"end":{"line":30,"column":30}},"loc":{"start":{"line":30,"column":65},"end":{"line":37,"column":1}},"line":30},"2":{"name":"mapMealSlot","decl":{"start":{"line":39,"column":16},"end":{"line":39,"column":27}},"loc":{"start":{"line":39,"column":56},"end":{"line":49,"column":1}},"line":39},"3":{"name":"mapMealAssignment","decl":{"start":{"line":51,"column":16},"end":{"line":51,"column":33}},"loc":{"start":{"line":51,"column":74},"end":{"line":60,"column":1}},"line":51},"4":{"name":"mapMealPlanConstraint","decl":{"start":{"line":62,"column":16},"end":{"line":62,"column":37}},"loc":{"start":{"line":62,"column":86},"end":{"line":72,"column":1}},"line":62}},"branchMap":{},"s":{"0":1,"1":1,"2":1,"3":1,"4":2},"f":{"0":1,"1":1,"2":1,"3":1,"4":2},"b":{},"_coverageSchema":"1a1c01bbd47fc00a2c39e90264f33305004495a9","hash":"0bac470973b558fc119d722f14e0fd7a3f285c54"}
,"/Users/cristianquiroz/Mobile/nutrition-ai/app/src/modules/meal-planner/infrastructure/mappers/shopping-snapshot.mapper.ts": {"path":"/Users/cristianquiroz/Mobile/nutrition-ai/app/src/modules/meal-planner/infrastructure/mappers/shopping-snapshot.mapper.ts","statementMap":{"0":{"start":{"line":11,"column":2},"end":{"line":19,"column":3}},"1":{"start":{"line":23,"column":2},"end":{"line":30,"column":3}}},"fnMap":{"0":{"name":"mapShoppingSnapshot","decl":{"start":{"line":10,"column":16},"end":{"line":10,"column":35}},"loc":{"start":{"line":10,"column":80},"end":{"line":20,"column":1}},"line":10},"1":{"name":"mapShoppingSnapshotItem","decl":{"start":{"line":22,"column":16},"end":{"line":22,"column":39}},"loc":{"start":{"line":22,"column":92},"end":{"line":31,"column":1}},"line":22}},"branchMap":{},"s":{"0":1,"1":1},"f":{"0":1,"1":1},"b":{},"_coverageSchema":"1a1c01bbd47fc00a2c39e90264f33305004495a9","hash":"9f16a05f944a0f4f6ef6e6ae064b532a37438dee"}
}
