TN:
SF:src/modules/meal-planner/domain/meal-plan.types.ts
FNF:0
FNH:0
LF:0
LH:0
BRF:0
BRH:0
end_of_record
TN:
SF:src/modules/meal-planner/domain/shared.types.ts
FNF:0
FNH:0
LF:0
LH:0
BRF:0
BRH:0
end_of_record
TN:
SF:src/modules/meal-planner/domain/shopping-snapshot.types.ts
FNF:0
FNH:0
LF:0
LH:0
BRF:0
BRH:0
end_of_record
TN:
SF:src/modules/meal-planner/domain/services/meal-plan-ingredient-aggregator.ts
FN:42,(anonymous_0)
FN:73,(anonymous_1)
FN:109,(anonymous_2)
FNF:3
FNH:3
FNDA:14,(anonymous_0)
FNDA:5,(anonymous_1)
FNDA:16,(anonymous_2)
DA:41,2
DA:47,14
DA:48,14
DA:50,14
DA:51,14
DA:53,14
DA:54,22
DA:56,21
DA:57,21
DA:60,21
DA:63,21
DA:64,16
DA:67,21
DA:68,21
DA:70,21
DA:71,18
DA:73,5
DA:74,3
DA:85,3
DA:86,1
DA:87,1
DA:93,21
DA:94,21
DA:95,21
DA:96,5
DA:97,5
DA:99,16
DA:109,16
LF:28
LH:28
BRDA:54,0,0,1
BRDA:54,0,1,21
BRDA:60,1,0,21
BRDA:60,1,1,16
BRDA:60,1,2,1
BRDA:63,2,0,16
BRDA:63,2,1,5
BRDA:70,3,0,18
BRDA:70,3,1,3
BRDA:74,4,0,2
BRDA:74,4,1,1
BRDA:85,5,0,1
BRDA:85,5,1,2
BRDA:95,6,0,5
BRDA:95,6,1,16
BRF:15
BRH:15
end_of_record
TN:
SF:src/modules/meal-planner/domain/services/meal-plan-schedule-builder.ts
FN:31,spreadIndices
FN:44,addDaysISO
FN:57,isMonday
FN:65,(anonymous_3)
FN:67,(anonymous_4)
FN:81,(anonymous_5)
FN:83,(anonymous_6)
FN:88,(anonymous_7)
FNF:8
FNH:8
FNDA:20,spreadIndices
FNDA:108,addDaysISO
FNDA:16,isMonday
FNDA:15,(anonymous_3)
FNDA:105,(anonymous_4)
FNDA:105,(anonymous_5)
FNDA:25,(anonymous_6)
FNDA:73,(anonymous_7)
DA:20,2
DA:32,20
DA:33,19
DA:34,19
DA:35,73
DA:37,19
DA:45,108
DA:46,108
DA:47,108
DA:52,2
DA:58,16
DA:59,16
DA:62,2
DA:66,15
DA:67,105
DA:69,15
DA:70,20
DA:71,20
DA:72,73
DA:81,15
DA:82,105
DA:83,25
DA:85,105
DA:88,73
LF:24
LH:24
BRDA:32,0,0,1
BRDA:32,0,1,19
BRDA:75,1,0,73
BRDA:75,1,1,72
BRF:4
BRH:4
end_of_record
TN:
SF:src/modules/meal-planner/domain/services/meal-plan-statistics-calculator.ts
FN:23,addNutrition
FN:24,(anonymous_1)
FN:38,scaleNutrition
FN:39,(anonymous_3)
FN:55,(anonymous_4)
FN:65,(anonymous_5)
FN:109,(anonymous_6)
FN:110,(anonymous_7)
FNF:8
FNH:8
FNDA:18,addNutrition
FNDA:144,(anonymous_1)
FNDA:6,scaleNutrition
FNDA:48,(anonymous_3)
FNDA:11,(anonymous_4)
FNDA:12,(anonymous_5)
FNDA:12,(anonymous_6)
FNDA:12,(anonymous_7)
DA:24,18
DA:25,144
DA:26,18
DA:39,48
DA:40,6
DA:52,1
DA:61,11
DA:62,11
DA:63,11
DA:65,11
DA:66,12
DA:67,12
DA:68,12
DA:70,12
DA:71,10
DA:72,9
DA:74,9
DA:75,1
DA:76,1
DA:78,8
DA:81,7
DA:82,7
DA:83,7
DA:84,7
DA:86,6
DA:88,6
DA:94,6
DA:98,12
DA:100,12
DA:108,11
DA:109,12
DA:110,12
LF:32
LH:32
BRDA:25,0,0,72
BRDA:25,0,1,72
BRDA:25,1,0,144
BRDA:25,1,1,136
BRDA:25,2,0,72
BRDA:25,2,1,64
BRDA:25,3,0,72
BRDA:25,3,1,8
BRDA:39,4,0,16
BRDA:39,4,1,32
BRDA:71,5,0,1
BRDA:71,5,1,9
BRDA:74,6,0,1
BRDA:74,6,1,8
BRDA:78,7,0,1
BRDA:78,7,1,7
BRDA:84,8,0,1
BRDA:84,8,1,6
BRDA:86,9,0,6
BRDA:86,9,1,1
BRF:20
BRH:20
end_of_record
TN:
SF:src/modules/meal-planner/infrastructure/mappers/meal-plan.mapper.ts
FN:16,mapMealPlan
FN:30,mapMealPlanDay
FN:39,mapMealSlot
FN:51,mapMealAssignment
FN:62,mapMealPlanConstraint
FNF:5
FNH:5
FNDA:1,mapMealPlan
FNDA:1,mapMealPlanDay
FNDA:1,mapMealSlot
FNDA:1,mapMealAssignment
FNDA:2,mapMealPlanConstraint
DA:17,1
DA:31,1
DA:40,1
DA:52,1
DA:63,2
LF:5
LH:5
BRF:0
BRH:0
end_of_record
TN:
SF:src/modules/meal-planner/infrastructure/mappers/shopping-snapshot.mapper.ts
FN:10,mapShoppingSnapshot
FN:22,mapShoppingSnapshotItem
FNF:2
FNH:2
FNDA:1,mapShoppingSnapshot
FNDA:1,mapShoppingSnapshotItem
DA:11,1
DA:23,1
LF:2
LH:2
BRF:0
BRH:0
end_of_record
